2002.11.25 08:34 B C:\Documents and Settings\Todd Dunning\Desktop\Clients\Northworks\images\background.gif <-- Northworks /htdocs/images background.gif
2002.11.25 08:34 B C:\Documents and Settings\Todd Dunning\Desktop\Clients\Northworks\images\book_disposition.jpg <-- Northworks /htdocs/images book_disposition.jpg
2002.11.25 08:34 B C:\Documents and Settings\Todd Dunning\Desktop\Clients\Northworks\images\book_human.jpg <-- Northworks /htdocs/images book_human.jpg
2002.11.25 08:34 B C:\Documents and Settings\Todd Dunning\Desktop\Clients\Northworks\images\btn_articles_off.gif <-- Northworks /htdocs/images btn_articles_off.gif
2002.11.25 08:34 B C:\Documents and Settings\Todd Dunning\Desktop\Clients\Northworks\images\btn_articles_on.gif <-- Northworks /htdocs/images btn_articles_on.gif
2002.11.25 08:34 B C:\Documents and Settings\Todd Dunning\Desktop\Clients\Northworks\images\btn_articles_on_pt.gif <-- Northworks /htdocs/images btn_articles_on_pt.gif
2002.11.25 08:34 B C:\Documents and Settings\Todd Dunning\Desktop\Clients\Northworks\images\btn_background_off.gif <-- Northworks /htdocs/images btn_background_off.gif
2002.11.25 08:34 B C:\Documents and Settings\Todd Dunning\Desktop\Clients\Northworks\images\btn_background_on.gif <-- Northworks /htdocs/images btn_background_on.gif
2002.11.25 08:34 B C:\Documents and Settings\Todd Dunning\Desktop\Clients\Northworks\images\btn_background_on_pt.gif <-- Northworks /htdocs/images btn_background_on_pt.gif
2002.11.25 08:34 B C:\Documents and Settings\Todd Dunning\Desktop\Clients\Northworks\images\btn_casestudies_off.gif <-- Northworks /htdocs/images btn_casestudies_off.gif
2002.11.25 08:34 B C:\Documents and Settings\Todd Dunning\Desktop\Clients\Northworks\images\btn_casestudies_on.gif <-- Northworks /htdocs/images btn_casestudies_on.gif
2002.11.25 08:34 B C:\Documents and Settings\Todd Dunning\Desktop\Clients\Northworks\images\btn_casestudies_on_pt.gif <-- Northworks /htdocs/images btn_casestudies_on_pt.gif
2002.11.25 08:34 B C:\Documents and Settings\Todd Dunning\Desktop\Clients\Northworks\images\btn_cheryl_off.gif <-- Northworks /htdocs/images btn_cheryl_off.gif
2002.11.25 08:34 B C:\Documents and Settings\Todd Dunning\Desktop\Clients\Northworks\images\btn_cheryl_on.gif <-- Northworks /htdocs/images btn_cheryl_on.gif
2002.11.25 08:34 B C:\Documents and Settings\Todd Dunning\Desktop\Clients\Northworks\images\btn_cheryl_on_pt.gif <-- Northworks /htdocs/images btn_cheryl_on_pt.gif
2002.11.25 08:34 B C:\Documents and Settings\Todd Dunning\Desktop\Clients\Northworks\images\btn_cheryl_p_off.gif <-- Northworks /htdocs/images btn_cheryl_p_off.gif
2002.11.25 08:34 B C:\Documents and Settings\Todd Dunning\Desktop\Clients\Northworks\images\btn_cheryl_p_on.gif <-- Northworks /htdocs/images btn_cheryl_p_on.gif
2002.11.25 08:34 B C:\Documents and Settings\Todd Dunning\Desktop\Clients\Northworks\images\btn_clients_off.gif <-- Northworks /htdocs/images btn_clients_off.gif
2002.11.25 08:34 B C:\Documents and Settings\Todd Dunning\Desktop\Clients\Northworks\images\btn_clients_on.gif <-- Northworks /htdocs/images btn_clients_on.gif
2002.11.25 08:34 B C:\Documents and Settings\Todd Dunning\Desktop\Clients\Northworks\images\btn_clients_on_pt.gif <-- Northworks /htdocs/images btn_clients_on_pt.gif
2002.11.25 08:34 B C:\Documents and Settings\Todd Dunning\Desktop\Clients\Northworks\images\btn_contact-_off.gif <-- Northworks /htdocs/images btn_contact-_off.gif
2002.11.25 08:34 B C:\Documents and Settings\Todd Dunning\Desktop\Clients\Northworks\images\btn_contact_off.gif <-- Northworks /htdocs/images btn_contact_off.gif
2002.11.25 08:34 B C:\Documents and Settings\Todd Dunning\Desktop\Clients\Northworks\images\btn_contact_on.gif <-- Northworks /htdocs/images btn_contact_on.gif
2002.11.25 08:34 B C:\Documents and Settings\Todd Dunning\Desktop\Clients\Northworks\images\btn_contact_on_pt.gif <-- Northworks /htdocs/images btn_contact_on_pt.gif
2002.11.25 08:34 B C:\Documents and Settings\Todd Dunning\Desktop\Clients\Northworks\images\btn_history_off.gif <-- Northworks /htdocs/images btn_history_off.gif
2002.11.25 08:34 B C:\Documents and Settings\Todd Dunning\Desktop\Clients\Northworks\images\btn_history_on.gif <-- Northworks /htdocs/images btn_history_on.gif
2002.11.25 08:34 B C:\Documents and Settings\Todd Dunning\Desktop\Clients\Northworks\images\btn_history_on_pt.gif <-- Northworks /htdocs/images btn_history_on_pt.gif
2002.11.25 08:34 B C:\Documents and Settings\Todd Dunning\Desktop\Clients\Northworks\images\btn_home_off.gif <-- Northworks /htdocs/images btn_home_off.gif
2002.11.25 08:34 B C:\Documents and Settings\Todd Dunning\Desktop\Clients\Northworks\images\btn_home_on.gif <-- Northworks /htdocs/images btn_home_on.gif
2002.11.25 08:34 B C:\Documents and Settings\Todd Dunning\Desktop\Clients\Northworks\images\btn_home_on_pt.gif <-- Northworks /htdocs/images btn_home_on_pt.gif
2002.11.25 08:34 B C:\Documents and Settings\Todd Dunning\Desktop\Clients\Northworks\images\btn_interviews_off.gif <-- Northworks /htdocs/images btn_interviews_off.gif
2002.11.25 08:34 B C:\Documents and Settings\Todd Dunning\Desktop\Clients\Northworks\images\btn_interviews_on.gif <-- Northworks /htdocs/images btn_interviews_on.gif
2002.11.25 08:34 B C:\Documents and Settings\Todd Dunning\Desktop\Clients\Northworks\images\btn_interviews_on_pt.gif <-- Northworks /htdocs/images btn_interviews_on_pt.gif
2002.11.25 08:34 B C:\Documents and Settings\Todd Dunning\Desktop\Clients\Northworks\images\btn_projects_off.gif <-- Northworks /htdocs/images btn_projects_off.gif
2002.11.25 08:34 B C:\Documents and Settings\Todd Dunning\Desktop\Clients\Northworks\images\btn_projects_on.gif <-- Northworks /htdocs/images btn_projects_on.gif
2002.11.25 08:34 B C:\Documents and Settings\Todd Dunning\Desktop\Clients\Northworks\images\btn_projects_on_pt.gif <-- Northworks /htdocs/images btn_projects_on_pt.gif
2002.11.25 08:34 B C:\Documents and Settings\Todd Dunning\Desktop\Clients\Northworks\images\btn_pub_off.gif <-- Northworks /htdocs/images btn_pub_off.gif
2002.11.25 08:34 B C:\Documents and Settings\Todd Dunning\Desktop\Clients\Northworks\images\btn_pub_on.gif <-- Northworks /htdocs/images btn_pub_on.gif
2002.11.25 08:34 B C:\Documents and Settings\Todd Dunning\Desktop\Clients\Northworks\images\btn_pub_on_pt.gif <-- Northworks /htdocs/images btn_pub_on_pt.gif
2002.11.25 08:34 B C:\Documents and Settings\Todd Dunning\Desktop\Clients\Northworks\images\btn_resume_off.gif <-- Northworks /htdocs/images btn_resume_off.gif
2002.11.25 08:34 B C:\Documents and Settings\Todd Dunning\Desktop\Clients\Northworks\images\btn_resume_on.gif <-- Northworks /htdocs/images btn_resume_on.gif
2002.11.25 08:34 B C:\Documents and Settings\Todd Dunning\Desktop\Clients\Northworks\images\btn_resume_on_pt.gif <-- Northworks /htdocs/images btn_resume_on_pt.gif
2002.11.25 08:34 B C:\Documents and Settings\Todd Dunning\Desktop\Clients\Northworks\images\btn_reviews_off.gif <-- Northworks /htdocs/images btn_reviews_off.gif
2002.11.25 08:34 B C:\Documents and Settings\Todd Dunning\Desktop\Clients\Northworks\images\btn_reviews_on.gif <-- Northworks /htdocs/images btn_reviews_on.gif
2002.11.25 08:34 B C:\Documents and Settings\Todd Dunning\Desktop\Clients\Northworks\images\btn_reviews_on_pt.gif <-- Northworks /htdocs/images btn_reviews_on_pt.gif
2002.11.25 08:34 B C:\Documents and Settings\Todd Dunning\Desktop\Clients\Northworks\images\btn_services_off.gif <-- Northworks /htdocs/images btn_services_off.gif
2002.11.25 08:34 B C:\Documents and Settings\Todd Dunning\Desktop\Clients\Northworks\images\btn_services_on.gif <-- Northworks /htdocs/images btn_services_on.gif
2002.11.25 08:34 B C:\Documents and Settings\Todd Dunning\Desktop\Clients\Northworks\images\btn_services_on_pt.gif <-- Northworks /htdocs/images btn_services_on_pt.gif
2002.11.25 08:34 B C:\Documents and Settings\Todd Dunning\Desktop\Clients\Northworks\images\btn_warner_off.gif <-- Northworks /htdocs/images btn_warner_off.gif
2002.11.25 08:34 B C:\Documents and Settings\Todd Dunning\Desktop\Clients\Northworks\images\btn_warner_on.gif <-- Northworks /htdocs/images btn_warner_on.gif
2002.11.25 08:34 B C:\Documents and Settings\Todd Dunning\Desktop\Clients\Northworks\images\btn_warner_on_pt.gif <-- Northworks /htdocs/images btn_warner_on_pt.gif
2002.11.25 08:34 B C:\Documents and Settings\Todd Dunning\Desktop\Clients\Northworks\images\btn_warner_p_off.gif <-- Northworks /htdocs/images btn_warner_p_off.gif
2002.11.25 08:34 B C:\Documents and Settings\Todd Dunning\Desktop\Clients\Northworks\images\btn_warner_p_on.gif <-- Northworks /htdocs/images btn_warner_p_on.gif
2002.11.25 08:34 B C:\Documents and Settings\Todd Dunning\Desktop\Clients\Northworks\images\c_testimonials.gif <-- Northworks /htdocs/images c_testimonials.gif
2002.11.25 08:34 B C:\Documents and Settings\Todd Dunning\Desktop\Clients\Northworks\images\c_top_right.jpg <-- Northworks /htdocs/images c_top_right.jpg
2002.11.25 08:34 B C:\Documents and Settings\Todd Dunning\Desktop\Clients\Northworks\images\c_topleft_1.jpg <-- Northworks /htdocs/images c_topleft_1.jpg
2002.11.25 08:34 B C:\Documents and Settings\Todd Dunning\Desktop\Clients\Northworks\images\c_topleft_2.jpg <-- Northworks /htdocs/images c_topleft_2.jpg
2002.11.25 08:34 B C:\Documents and Settings\Todd Dunning\Desktop\Clients\Northworks\images\c_topleft_3.jpg <-- Northworks /htdocs/images c_topleft_3.jpg
2002.11.25 08:34 B C:\Documents and Settings\Todd Dunning\Desktop\Clients\Northworks\images\c_topleft_4.jpg <-- Northworks /htdocs/images c_topleft_4.jpg
2002.11.25 08:34 B C:\Documents and Settings\Todd Dunning\Desktop\Clients\Northworks\images\c_topleft_5.jpg <-- Northworks /htdocs/images c_topleft_5.jpg
2002.11.25 08:34 B C:\Documents and Settings\Todd Dunning\Desktop\Clients\Northworks\images\c_topleft_6.jpg <-- Northworks /htdocs/images c_topleft_6.jpg
2002.11.25 08:34 B C:\Documents and Settings\Todd Dunning\Desktop\Clients\Northworks\images\celeb_donose.jpg <-- Northworks /htdocs/images celeb_donose.jpg
2002.11.25 08:34 B C:\Documents and Settings\Todd Dunning\Desktop\Clients\Northworks\images\celeb_feltsman.jpg <-- Northworks /htdocs/images celeb_feltsman.jpg
2002.11.25 08:34 B C:\Documents and Settings\Todd Dunning\Desktop\Clients\Northworks\images\cheryl_sm.gif <-- Northworks /htdocs/images cheryl_sm.gif
2002.11.25 08:34 B C:\Documents and Settings\Todd Dunning\Desktop\Clients\Northworks\images\feltsman.jpg <-- Northworks /htdocs/images feltsman.jpg
2002.11.25 08:35 B C:\Documents and Settings\Todd Dunning\Desktop\Clients\Northworks\images\h_top_right.jpg <-- Northworks /htdocs/images h_top_right.jpg
2002.11.25 08:35 B C:\Documents and Settings\Todd Dunning\Desktop\Clients\Northworks\images\initcap_d.gif <-- Northworks /htdocs/images initcap_d.gif
2002.11.25 08:35 B C:\Documents and Settings\Todd Dunning\Desktop\Clients\Northworks\images\logo.gif <-- Northworks /htdocs/images logo.gif
2002.11.25 08:35 B C:\Documents and Settings\Todd Dunning\Desktop\Clients\Northworks\images\logo_aba.gif <-- Northworks /htdocs/images logo_aba.gif
2002.11.25 08:35 B C:\Documents and Settings\Todd Dunning\Desktop\Clients\Northworks\images\logo_blank.gif <-- Northworks /htdocs/images logo_blank.gif
2002.11.25 08:35 B C:\Documents and Settings\Todd Dunning\Desktop\Clients\Northworks\images\logo_cal.gif <-- Northworks /htdocs/images logo_cal.gif
2002.11.25 08:35 B C:\Documents and Settings\Todd Dunning\Desktop\Clients\Northworks\images\logo_cfe.gif <-- Northworks /htdocs/images logo_cfe.gif
2002.11.25 08:35 B C:\Documents and Settings\Todd Dunning\Desktop\Clients\Northworks\images\logo_cma.gif <-- Northworks /htdocs/images logo_cma.gif
2002.11.25 08:35 B C:\Documents and Settings\Todd Dunning\Desktop\Clients\Northworks\images\logo_cnn.gif <-- Northworks /htdocs/images logo_cnn.gif
2002.11.25 08:35 B C:\Documents and Settings\Todd Dunning\Desktop\Clients\Northworks\images\logo_cra.gif <-- Northworks /htdocs/images logo_cra.gif
2002.11.25 08:35 B C:\Documents and Settings\Todd Dunning\Desktop\Clients\Northworks\images\logo_dod.gif <-- Northworks /htdocs/images logo_dod.gif
2002.11.25 08:35 B C:\Documents and Settings\Todd Dunning\Desktop\Clients\Northworks\images\logo_doe.gif <-- Northworks /htdocs/images logo_doe.gif
2002.11.25 08:35 B C:\Documents and Settings\Todd Dunning\Desktop\Clients\Northworks\images\logo_epa.gif <-- Northworks /htdocs/images logo_epa.gif
2002.11.25 08:35 B C:\Documents and Settings\Todd Dunning\Desktop\Clients\Northworks\images\logo_epri.gif <-- Northworks /htdocs/images logo_epri.gif
2002.11.25 08:35 B C:\Documents and Settings\Todd Dunning\Desktop\Clients\Northworks\images\logo_erda.gif <-- Northworks /htdocs/images logo_erda.gif
2002.11.25 08:35 B C:\Documents and Settings\Todd Dunning\Desktop\Clients\Northworks\images\logo_fluor.gif <-- Northworks /htdocs/images logo_fluor.gif
2002.11.25 08:35 B C:\Documents and Settings\Todd Dunning\Desktop\Clients\Northworks\images\logo_gma.gif <-- Northworks /htdocs/images logo_gma.gif
2002.11.25 08:35 B C:\Documents and Settings\Todd Dunning\Desktop\Clients\Northworks\images\logo_liv.gif <-- Northworks /htdocs/images logo_liv.gif
2002.11.25 08:35 B C:\Documents and Settings\Todd Dunning\Desktop\Clients\Northworks\images\logo_los.gif <-- Northworks /htdocs/images logo_los.gif
2002.11.25 08:35 B C:\Documents and Settings\Todd Dunning\Desktop\Clients\Northworks\images\logo_mex.gif <-- Northworks /htdocs/images logo_mex.gif
2002.11.25 08:35 B C:\Documents and Settings\Todd Dunning\Desktop\Clients\Northworks\images\logo_mwra.gif <-- Northworks /htdocs/images logo_mwra.gif
2002.11.25 08:35 B C:\Documents and Settings\Todd Dunning\Desktop\Clients\Northworks\images\logo_nasa.gif <-- Northworks /htdocs/images logo_nasa.gif
2002.11.25 08:35 B C:\Documents and Settings\Todd Dunning\Desktop\Clients\Northworks\images\logo_nih.gif <-- Northworks /htdocs/images logo_nih.gif
2002.11.25 08:35 B C:\Documents and Settings\Todd Dunning\Desktop\Clients\Northworks\images\logo_noaa.gif <-- Northworks /htdocs/images logo_noaa.gif
2002.11.25 08:35 B C:\Documents and Settings\Todd Dunning\Desktop\Clients\Northworks\images\logo_nrel.gif <-- Northworks /htdocs/images logo_nrel.gif
2002.11.25 08:35 B C:\Documents and Settings\Todd Dunning\Desktop\Clients\Northworks\images\logo_nsf.gif <-- Northworks /htdocs/images logo_nsf.gif
2002.11.25 08:35 B C:\Documents and Settings\Todd Dunning\Desktop\Clients\Northworks\images\logo_ntrb.gif <-- Northworks /htdocs/images logo_ntrb.gif
2002.11.25 08:35 B C:\Documents and Settings\Todd Dunning\Desktop\Clients\Northworks\images\logo_plek.gif <-- Northworks /htdocs/images logo_plek.gif
2002.11.25 08:35 B C:\Documents and Settings\Todd Dunning\Desktop\Clients\Northworks\images\logo_setac.gif <-- Northworks /htdocs/images logo_setac.gif
2002.11.25 08:35 B C:\Documents and Settings\Todd Dunning\Desktop\Clients\Northworks\images\logo_sra.gif <-- Northworks /htdocs/images logo_sra.gif
2002.11.25 08:35 B C:\Documents and Settings\Todd Dunning\Desktop\Clients\Northworks\images\logo_stan.gif <-- Northworks /htdocs/images logo_stan.gif
2002.11.25 08:35 B C:\Documents and Settings\Todd Dunning\Desktop\Clients\Northworks\images\logo_tribune.gif <-- Northworks /htdocs/images logo_tribune.gif
2002.11.25 08:35 B C:\Documents and Settings\Todd Dunning\Desktop\Clients\Northworks\images\logo_us.gif <-- Northworks /htdocs/images logo_us.gif
2002.11.25 08:35 B C:\Documents and Settings\Todd Dunning\Desktop\Clients\Northworks\images\logo_usda.gif <-- Northworks /htdocs/images logo_usda.gif
2002.11.25 08:35 B C:\Documents and Settings\Todd Dunning\Desktop\Clients\Northworks\images\logos_newspaper.gif <-- Northworks /htdocs/images logos_newspaper.gif
2002.11.25 08:35 B C:\Documents and Settings\Todd Dunning\Desktop\Clients\Northworks\images\mechroma.gif <-- Northworks /htdocs/images mechroma.gif
2002.11.25 08:35 B C:\Documents and Settings\Todd Dunning\Desktop\Clients\Northworks\images\opera_now.jpg <-- Northworks /htdocs/images opera_now.jpg
2002.11.25 08:35 B C:\Documents and Settings\Todd Dunning\Desktop\Clients\Northworks\images\patrick.jpg <-- Northworks /htdocs/images patrick.jpg
2002.11.25 08:35 B C:\Documents and Settings\Todd Dunning\Desktop\Clients\Northworks\images\testimonial.gif <-- Northworks /htdocs/images testimonial.gif
2002.11.25 08:35 B C:\Documents and Settings\Todd Dunning\Desktop\Clients\Northworks\images\thumb_c.jpg <-- Northworks /htdocs/images thumb_c.jpg
2002.11.25 08:35 B C:\Documents and Settings\Todd Dunning\Desktop\Clients\Northworks\images\thumb_w.jpg <-- Northworks /htdocs/images thumb_w.jpg
2002.11.25 08:35 B C:\Documents and Settings\Todd Dunning\Desktop\Clients\Northworks\images\title_articles.gif <-- Northworks /htdocs/images title_articles.gif
2002.11.25 08:35 B C:\Documents and Settings\Todd Dunning\Desktop\Clients\Northworks\images\title_background.gif <-- Northworks /htdocs/images title_background.gif
2002.11.25 08:35 B C:\Documents and Settings\Todd Dunning\Desktop\Clients\Northworks\images\title_casestudies.gif <-- Northworks /htdocs/images title_casestudies.gif
2002.11.25 08:35 B C:\Documents and Settings\Todd Dunning\Desktop\Clients\Northworks\images\title_cheryl.gif <-- Northworks /htdocs/images title_cheryl.gif
2002.11.25 08:35 B C:\Documents and Settings\Todd Dunning\Desktop\Clients\Northworks\images\title_clients.gif <-- Northworks /htdocs/images title_clients.gif
2002.11.25 08:35 B C:\Documents and Settings\Todd Dunning\Desktop\Clients\Northworks\images\title_contact.gif <-- Northworks /htdocs/images title_contact.gif
2002.11.25 08:35 B C:\Documents and Settings\Todd Dunning\Desktop\Clients\Northworks\images\title_donose.gif <-- Northworks /htdocs/images title_donose.gif
2002.11.25 08:35 B C:\Documents and Settings\Todd Dunning\Desktop\Clients\Northworks\images\title_gray_donose.gif <-- Northworks /htdocs/images title_gray_donose.gif
2002.11.25 08:35 B C:\Documents and Settings\Todd Dunning\Desktop\Clients\Northworks\images\title_gray_feltsman.gif <-- Northworks /htdocs/images title_gray_feltsman.gif
2002.11.25 08:35 B C:\Documents and Settings\Todd Dunning\Desktop\Clients\Northworks\images\title_gray_feltzman.gif <-- Northworks /htdocs/images title_gray_feltzman.gif
2002.11.25 08:35 B C:\Documents and Settings\Todd Dunning\Desktop\Clients\Northworks\images\title_gray_publications.gif <-- Northworks /htdocs/images title_gray_publications.gif
2002.11.25 08:35 B C:\Documents and Settings\Todd Dunning\Desktop\Clients\Northworks\images\title_gray_vladimir.gif <-- Northworks /htdocs/images title_gray_vladimir.gif
2002.11.25 08:35 B C:\Documents and Settings\Todd Dunning\Desktop\Clients\Northworks\images\title_interviews.gif <-- Northworks /htdocs/images title_interviews.gif
2002.11.25 08:35 B C:\Documents and Settings\Todd Dunning\Desktop\Clients\Northworks\images\title_projects.gif <-- Northworks /htdocs/images title_projects.gif
2002.11.25 08:35 B C:\Documents and Settings\Todd Dunning\Desktop\Clients\Northworks\images\title_pub.gif <-- Northworks /htdocs/images title_pub.gif
2002.11.25 08:35 B C:\Documents and Settings\Todd Dunning\Desktop\Clients\Northworks\images\title_resume.gif <-- Northworks /htdocs/images title_resume.gif
2002.11.25 08:35 B C:\Documents and Settings\Todd Dunning\Desktop\Clients\Northworks\images\title_reviews.gif <-- Northworks /htdocs/images title_reviews.gif
2002.11.25 08:35 B C:\Documents and Settings\Todd Dunning\Desktop\Clients\Northworks\images\title_risk.gif <-- Northworks /htdocs/images title_risk.gif
2002.11.25 08:35 B C:\Documents and Settings\Todd Dunning\Desktop\Clients\Northworks\images\title_services.gif <-- Northworks /htdocs/images title_services.gif
2002.11.25 08:35 B C:\Documents and Settings\Todd Dunning\Desktop\Clients\Northworks\images\title_sidebar.gif <-- Northworks /htdocs/images title_sidebar.gif
2002.11.25 08:35 B C:\Documents and Settings\Todd Dunning\Desktop\Clients\Northworks\images\title_warner.gif <-- Northworks /htdocs/images title_warner.gif
2002.11.25 08:35 B C:\Documents and Settings\Todd Dunning\Desktop\Clients\Northworks\images\title_yucca.gif <-- Northworks /htdocs/images title_yucca.gif
2002.11.25 08:35 B C:\Documents and Settings\Todd Dunning\Desktop\Clients\Northworks\images\top_right.gif <-- Northworks /htdocs/images top_right.gif
2002.11.25 08:35 B C:\Documents and Settings\Todd Dunning\Desktop\Clients\Northworks\images\topleft_1.gif <-- Northworks /htdocs/images topleft_1.gif
2002.11.25 08:35 B C:\Documents and Settings\Todd Dunning\Desktop\Clients\Northworks\images\topleft_2.gif <-- Northworks /htdocs/images topleft_2.gif
2002.11.25 08:35 B C:\Documents and Settings\Todd Dunning\Desktop\Clients\Northworks\images\topleft_3.gif <-- Northworks /htdocs/images topleft_3.gif
2002.11.25 08:35 B C:\Documents and Settings\Todd Dunning\Desktop\Clients\Northworks\images\topleft_4.gif <-- Northworks /htdocs/images topleft_4.gif
2002.11.25 08:35 B C:\Documents and Settings\Todd Dunning\Desktop\Clients\Northworks\images\transp.gif <-- Northworks /htdocs/images transp.gif
2002.11.25 08:35 B C:\Documents and Settings\Todd Dunning\Desktop\Clients\Northworks\images\warner_sm.gif <-- Northworks /htdocs/images warner_sm.gif
2002.11.25 08:35 B C:\Documents and Settings\Todd Dunning\Desktop\Clients\Northworks\images\yucca.jpg <-- Northworks /htdocs/images yucca.jpg
2002.11.25 18:20 B C:\Documents and Settings\Todd Dunning\Desktop\Clients\Northworks\images\c_testimonials.gif --> lunar.powweb.com /htdocs/images c_testimonials.gif
2002.11.25 18:31 B C:\Documents and Settings\Todd Dunning\Desktop\Clients\Northworks\images\yucca.jpg --> lunar.powweb.com /htdocs/images yucca.jpg
